# Preference setting overrides
gui_create_pref_key -category {Globals} -key {load_detail_for_funcov} -value_type {bool} -value {false}
gui_create_pref_category -category {schem_obj_name}
gui_create_pref_key -category {schem_obj_name} -key {show_cell_and_pin_with_symbol_name} -value_type {bool} -value {false}
gui_create_pref_key -category {schem_pin_hc} -key {textExtFont} -value_type {string} -value {Helvetica,10,-1,5,50,0,0,0,0,0}

# State setting overrides
gui_state_default_create -off -ini
gui_set_state_value -category Layout -key child_console_size_x -value 1919
gui_set_state_value -category Layout -key child_console_size_y -value 130
gui_set_state_value -category Layout -key child_data_size_x -value 135
gui_set_state_value -category Layout -key child_data_size_y -value 877
gui_set_state_value -category Layout -key child_driver_size_x -value 1647
gui_set_state_value -category Layout -key child_driver_size_y -value 179
gui_set_state_value -category Layout -key child_hier_col3 -value {-1}
gui_set_state_value -category Layout -key child_hier_colpd -value 0
gui_set_state_value -category Layout -key child_hier_size_x -value 105
gui_set_state_value -category Layout -key child_hier_size_y -value 877
gui_set_state_value -category Layout -key child_list_down -value 153
gui_set_state_value -category Layout -key child_list_right -value 442
gui_set_state_value -category Layout -key child_schematic_pos_x -value {-2}
gui_set_state_value -category Layout -key child_schematic_pos_y -value {-15}
gui_set_state_value -category Layout -key child_schematic_size_x -value 1587
gui_set_state_value -category Layout -key child_schematic_size_y -value 837
gui_set_state_value -category Layout -key child_source_docknewline -value false
gui_set_state_value -category Layout -key child_source_pos_x -value {-2}
gui_set_state_value -category Layout -key child_source_pos_y -value {-15}
gui_set_state_value -category Layout -key child_source_size_x -value 1682
gui_set_state_value -category Layout -key child_source_size_y -value 872
gui_set_state_value -category Layout -key child_wave_colname -value 276
gui_set_state_value -category Layout -key child_wave_colvalue -value 276
gui_set_state_value -category Layout -key child_wave_left -value 557
gui_set_state_value -category Layout -key child_wave_right -value 1357
gui_set_state_value -category Layout -key main_pos_x -value 0
gui_set_state_value -category Layout -key main_pos_y -value 32
gui_set_state_value -category Layout -key main_size_x -value 1919
gui_set_state_value -category Layout -key main_size_y -value 1138
gui_set_state_value -category Layout -key stand_list_child_docknewline -value false
gui_set_state_value -category Layout -key stand_list_child_pos_x -value {-2}
gui_set_state_value -category Layout -key stand_list_child_pos_y -value {-15}
gui_set_state_value -category Layout -key stand_list_child_size_x -value 602
gui_set_state_value -category Layout -key stand_list_child_size_y -value 298
gui_set_state_value -category Layout -key stand_list_top_pos_x -value 506
gui_set_state_value -category Layout -key stand_list_top_pos_y -value 103
gui_set_state_value -category Layout -key stand_list_top_size_x -value 1103
gui_set_state_value -category Layout -key stand_list_top_size_y -value 600
gui_set_state_value -category Layout -key stand_wave_child_docknewline -value false
gui_set_state_value -category Layout -key stand_wave_child_pos_x -value {-2}
gui_set_state_value -category Layout -key stand_wave_child_pos_y -value {-15}
gui_set_state_value -category Layout -key stand_wave_child_size_x -value 1924
gui_set_state_value -category Layout -key stand_wave_child_size_y -value 1002
gui_set_state_value -category Layout -key stand_wave_top_pos_x -value 0
gui_set_state_value -category Layout -key stand_wave_top_pos_y -value 32
gui_set_state_value -category Layout -key stand_wave_top_size_x -value 1919
gui_set_state_value -category Layout -key stand_wave_top_size_y -value 1138
gui_create_state_key -category FindDialog -key m_pMatchCase -value_type bool -value false
gui_create_state_key -category FindDialog -key m_pMatchWord -value_type bool -value false
gui_create_state_key -category FindDialog -key m_pUseCombo -value_type string -value {}
gui_create_state_key -category FindDialog -key m_pWrapAround -value_type bool -value true
gui_create_state_key -category Widget_History -key TopLevel.1|qt_left_dock|DockWnd2|DLPane.1|pages|Data.1|hbox|textfilter -value_type string -value {run lrWrite lr lrw}
gui_create_state_key -category Widget_History -key TopLevel.2|EkTopVbox|wndWorkspace|qt_workspacechild3|Wave.1|left|filterVBox|controlHBox|unnamed -value_type string -value 25000
gui_state_default_create -off

# Begin command logging
gui_sim_run Ucli -exe ./simv -args {-ucligui  } -dir .
gui_list_select -id Hier.1 -current_item_name test -current_item_type Scope  -selected  { test   }
gui_list_select -id Data.1 -selected  { test.clk   }
gui_list_select -id Data.1 -selected  { test.clk  test.rst  test.writeOut  test.canWrite  test.we  {test.D[7:0]}  {test.Q[7:0]}  {test.addr[15:0]}  {test.writeAddr[15:0]}   }
gui_open_window Wave
gui_list_add -id Wave.1 -from Data.1 { test.clk test.rst test.writeOut test.canWrite test.we {test.D[7:0]} {test.Q[7:0]} {test.addr[15:0]} {test.writeAddr[15:0]} } -insertionbar
gui_sim_continue  
gui_sim_stop 
gui_wv_scroll_hslidermove -id  Wave.1 0
gui_list_select -id Data.1 -selected  {  }
gui_list_expand -id  Hier.1   test
gui_list_select -id Hier.1 -current_item_name addrDecoder -current_item_type Scope  -selected  { addrDecoder   }
gui_list_select -id Hier.1 -current_item_name test.msq -current_item_type Scope  -selected  { test.msq   }
gui_list_select -id Data.1 -selected  { {test.msq.valid[31:0]}   }
gui_list_select -id Data.1 -selected  { {test.msq.numFilled[0:0]}   }
gui_list_add -id Wave.1 -from Data.1 { {test.msq.numFilled[0:0]} } -insertionbar
gui_sim_continue  
gui_sim_stop 
gui_sim_continue  
gui_sim_stop 
gui_wv_scroll_hslidermove -id  Wave.1 979251048
gui_close_window -window TopLevel.2
