---------------------------------------------

The tool has just exited abnormally:


Release = 'J-2014.12-SP3-1_Full64'  Architecture = 'amd64'  Program = 'DVE'

'33560838 33587166 33589351 140497574170153'

---------------------------------------------
=======================DVE Context and Call Stack=========================

An unexpected termination has occurred in /afs/ece.cmu.edu/support/synopsys/synopsys/share/image/usr/local/synopsys/vcs-mx_vJ-2014.12/gui/dve/amd64/bin/dve.exeHostname columbus.andrew.cmu.edu

Tcl="synopsys::run " 
Tcl="gui_sim_continue " 
Tcl="gui_eval_and_log_cmd gui_sim_continue  " 
Tcl="gui_simulator_start_continue_command " 
Command line: /afs/ece.cmu.edu/support/synopsys/synopsys/share/image/usr/local/synopsys/vcs-mx_vJ-2014.12/gui/dve/amd64/bin/dve.exe -full64 -ucliplatform=amd64 -toolargs "-ucligui -toolexe ./simv  -pid 7916" -toolin /tmp/vcs_20151016222020_7915_ashresth..stdin -toolout /tmp/vcs_20151016222020_7915_ashresth..stdout

--- Stack trace follows:
[Thread debugging using libthread_db enabled]
[New Thread 0x7fc82191d700 (LWP 8131)]
[New Thread 0x7fc82211e700 (LWP 8077)]
0x00007fc8240850e9 in waitpid () from /lib64/libc.so.6

Thread 3 (Thread 0x7fc82211e700 (LWP 8077)):
#0  0x00007fc825ca0ab2 in pthread_cond_timedwait@@GLIBC_2.3.2 () from /lib64/libpthread.so.0
#1  0x000000000290c20b in ?? ()
#2  0x000000000290c69e in QThread::msleep(unsigned long) ()
#3  0x0000000001112627 in ag::dveXThread::run() ()
#4  0x000000000290c3ba in QThreadInstance::start(void*) ()
#5  0x00007fc825c9cdf5 in start_thread () from /lib64/libpthread.so.0
#6  0x00007fc8240be1ad in clone () from /lib64/libc.so.6

Thread 2 (Thread 0x7fc82191d700 (LWP 8131)):
#0  0x00007fc8240af99d in read () from /lib64/libc.so.6
#1  0x00007fc8240404a0 in __GI__IO_file_underflow () from /lib64/libc.so.6
#2  0x00007fc82404142e in __GI__IO_default_uflow () from /lib64/libc.so.6
#3  0x00007fc8240353e4 in __GI__IO_getline_info () from /lib64/libc.so.6
#4  0x00007fc8240342e6 in fgets () from /lib64/libc.so.6
#5  0x00000000012268df in ag::dveSmlSocket::run() ()
#6  0x000000000290c3ba in QThreadInstance::start(void*) ()
#7  0x00007fc825c9cdf5 in start_thread () from /lib64/libpthread.so.0
#8  0x00007fc8240be1ad in clone () from /lib64/libc.so.6

Thread 1 (Thread 0x7fc82788a840 (LWP 7930)):
#0  0x00007fc8240850e9 in waitpid () from /lib64/libc.so.6
#1  0x00007fc82400a072 in do_system () from /lib64/libc.so.6
#2  0x00007fc82400a421 in system () from /lib64/libc.so.6
#3  0x00007fc82706cbb5 in SNPSle_10ee25eff68cd8461c9146fa1d0b35e87067f3c8015b313e639d2928478c79b3f673f99203bcf8be64600612100082236bffb2007f1e0ef9 () from /afs/ece.cmu.edu/support/synopsys/synopsys/share/image/usr/local/synopsys/vcs-mx_vJ-2014.12/amd64/lib/liberrorinf.so
#4  0x00007fc82706d17b in SNPSle_10ee25eff68cd8461c9146fa1d0b35e87067f3c8015b313e81c34e9ac4c8988ef4a6e067b3aa9271e9f15440f9e8f69ebc77e2fd65860faa () from /afs/ece.cmu.edu/support/synopsys/synopsys/share/image/usr/local/synopsys/vcs-mx_vJ-2014.12/amd64/lib/liberrorinf.so
#5  0x00007fc82706e4a6 in SNPSle_10ee25eff68cd8461c9146fa1d0b35e87067f3c8015b313efba706aab251478fa49e66610e453774633a6c152e7ef778f2202cda681f3d4e () from /afs/ece.cmu.edu/support/synopsys/synopsys/share/image/usr/local/synopsys/vcs-mx_vJ-2014.12/amd64/lib/liberrorinf.so
#6  0x00007fc82706612d in SNPSle_d35ca1ff70d465c2b9b1a72eee90a506fdd009d3de3db1de () from /afs/ece.cmu.edu/support/synopsys/synopsys/share/image/usr/local/synopsys/vcs-mx_vJ-2014.12/amd64/lib/liberrorinf.so
#7  0x0000000002007f89 in ag::logErrorMessage(ag::errorType, QString const&, bool) ()
#8  0x0000000002008867 in ?? ()
#9  0x00007fc824000e29 in __run_exit_handlers () from /lib64/libc.so.6
#10 0x00007fc824000e95 in exit () from /lib64/libc.so.6
#11 0x0000000001158bc6 in VCS_EXIT ()
#12 0x000000000121045e in SigHandler ()
#13 <signal handler called>
#14 0x00007fc8240b58f3 in select () from /lib64/libc.so.6
#15 0x00000000028a1936 in Tcl_WaitForEvent ()
#16 0x000000000288c099 in Tcl_DoOneEvent ()
#17 0x0000000001e83679 in ag::ucliProcessIF::timeoutVwait(QString const&, QString const&, int) ()
#18 0x0000000001e8732a in ag::ucliProcessIF::runningVwait(QString const&, QString const&) ()
#19 0x0000000001e876ea in ag::ucliProcessIF::doVwait(QString const&) ()
#20 0x0000000001e87e3b in ag::ucliProcessIF::guiVwait(void*, Tcl_Interp*, int, char const**) ()
#21 0x00000000028462af in TclInvokeStringCommand ()
#22 0x00000000028478d2 in TclEvalObjvInternal ()
#23 0x000000000286c359 in ?? ()
#24 0x0000000002870db6 in TclCompEvalObj ()
#25 0x0000000002894fe0 in TclObjInterpProc ()
#26 0x00000000028478d2 in TclEvalObjvInternal ()
#27 0x000000000284871b in Tcl_EvalObjv ()
#28 0x000000000284887e in Tcl_EvalObjEx ()
#29 0x00000000028955d7 in Tcl_UplevelObjCmd ()
#30 0x00000000028478d2 in TclEvalObjvInternal ()
#31 0x000000000286c359 in ?? ()
#32 0x0000000002870db6 in TclCompEvalObj ()
#33 0x00000000028488d4 in Tcl_EvalObjEx ()
#34 0x000000000284ee6b in Tcl_CatchObjCmd ()
#35 0x00000000028478d2 in TclEvalObjvInternal ()
#36 0x000000000286c359 in ?? ()
#37 0x0000000002870db6 in TclCompEvalObj ()
#38 0x0000000002894fe0 in TclObjInterpProc ()
#39 0x00000000028478d2 in TclEvalObjvInternal ()
#40 0x000000000284871b in Tcl_EvalObjv ()
#41 0x0000000002884939 in ?? ()
#42 0x00000000028478d2 in TclEvalObjvInternal ()
#43 0x000000000286c359 in ?? ()
#44 0x0000000002870db6 in TclCompEvalObj ()
#45 0x0000000002894fe0 in TclObjInterpProc ()
#46 0x00000000028478d2 in TclEvalObjvInternal ()
#47 0x000000000284871b in Tcl_EvalObjv ()
#48 0x000000000284887e in Tcl_EvalObjEx ()
#49 0x00000000028955d7 in Tcl_UplevelObjCmd ()
#50 0x00000000028478d2 in TclEvalObjvInternal ()
#51 0x000000000286c359 in ?? ()
#52 0x0000000002870db6 in TclCompEvalObj ()
#53 0x00000000028488d4 in Tcl_EvalObjEx ()
#54 0x000000000284ee6b in Tcl_CatchObjCmd ()
#55 0x00000000028478d2 in TclEvalObjvInternal ()
#56 0x000000000286c359 in ?? ()
#57 0x0000000002870db6 in TclCompEvalObj ()
#58 0x0000000002894fe0 in TclObjInterpProc ()
#59 0x00000000028478d2 in TclEvalObjvInternal ()
#60 0x000000000284871b in Tcl_EvalObjv ()
#61 0x0000000002884939 in ?? ()
#62 0x00000000028478d2 in TclEvalObjvInternal ()
#63 0x0000000002847c1f in Tcl_EvalEx ()
#64 0x00000000028488a3 in Tcl_EvalObjEx ()
#65 0x000000000284e96e in Tcl_EvalObjCmd ()
#66 0x00000000028478d2 in TclEvalObjvInternal ()
#67 0x000000000286c359 in ?? ()
#68 0x0000000002870db6 in TclCompEvalObj ()
#69 0x0000000002894fe0 in TclObjInterpProc ()
#70 0x00000000028478d2 in TclEvalObjvInternal ()
#71 0x000000000284871b in Tcl_EvalObjv ()
#72 0x000000000284887e in Tcl_EvalObjEx ()
#73 0x00000000028955d7 in Tcl_UplevelObjCmd ()
#74 0x00000000028478d2 in TclEvalObjvInternal ()
#75 0x000000000286c359 in ?? ()
#76 0x0000000002870db6 in TclCompEvalObj ()
#77 0x00000000028488d4 in Tcl_EvalObjEx ()
#78 0x000000000284ee6b in Tcl_CatchObjCmd ()
#79 0x00000000028478d2 in TclEvalObjvInternal ()
#80 0x000000000286c359 in ?? ()
#81 0x0000000002870db6 in TclCompEvalObj ()
#82 0x0000000002894fe0 in TclObjInterpProc ()
#83 0x00000000028478d2 in TclEvalObjvInternal ()
#84 0x000000000284871b in Tcl_EvalObjv ()
#85 0x0000000002884939 in ?? ()
#86 0x00000000028478d2 in TclEvalObjvInternal ()
#87 0x0000000002847c1f in Tcl_EvalEx ()
#88 0x00000000028488a3 in Tcl_EvalObjEx ()
#89 0x000000000284e96e in Tcl_EvalObjCmd ()
#90 0x00000000028478d2 in TclEvalObjvInternal ()
#91 0x000000000286c359 in ?? ()
#92 0x0000000002870db6 in TclCompEvalObj ()
#93 0x0000000002894fe0 in TclObjInterpProc ()
#94 0x00000000028478d2 in TclEvalObjvInternal ()
#95 0x000000000284871b in Tcl_EvalObjv ()
#96 0x000000000284887e in Tcl_EvalObjEx ()
#97 0x00000000028955d7 in Tcl_UplevelObjCmd ()
#98 0x00000000028478d2 in TclEvalObjvInternal ()
#99 0x000000000286c359 in ?? ()
#100 0x0000000002870db6 in TclCompEvalObj ()
#101 0x00000000028488d4 in Tcl_EvalObjEx ()
#102 0x000000000284ee6b in Tcl_CatchObjCmd ()
#103 0x00000000028478d2 in TclEvalObjvInternal ()
#104 0x000000000286c359 in ?? ()
#105 0x0000000002870db6 in TclCompEvalObj ()
#106 0x0000000002894fe0 in TclObjInterpProc ()
#107 0x00000000028478d2 in TclEvalObjvInternal ()
#108 0x000000000284871b in Tcl_EvalObjv ()
#109 0x0000000002884939 in ?? ()
#110 0x00000000028478d2 in TclEvalObjvInternal ()
#111 0x0000000002847c1f in Tcl_EvalEx ()
#112 0x00000000028488a3 in Tcl_EvalObjEx ()
#113 0x000000000284e96e in Tcl_EvalObjCmd ()
#114 0x00000000028478d2 in TclEvalObjvInternal ()
#115 0x000000000286c359 in ?? ()
#116 0x0000000002870db6 in TclCompEvalObj ()
#117 0x0000000002894fe0 in TclObjInterpProc ()
#118 0x00000000028478d2 in TclEvalObjvInternal ()
#119 0x000000000284871b in Tcl_EvalObjv ()
#120 0x000000000284887e in Tcl_EvalObjEx ()
#121 0x00000000028955d7 in Tcl_UplevelObjCmd ()
#122 0x00000000028478d2 in TclEvalObjvInternal ()
#123 0x000000000286c359 in ?? ()
#124 0x0000000002870db6 in TclCompEvalObj ()
#125 0x00000000028488d4 in Tcl_EvalObjEx ()
#126 0x000000000284ee6b in Tcl_CatchObjCmd ()
#127 0x00000000028478d2 in TclEvalObjvInternal ()
#128 0x000000000286c359 in ?? ()
#129 0x0000000002870db6 in TclCompEvalObj ()
#130 0x0000000002894fe0 in TclObjInterpProc ()
#131 0x00000000028478d2 in TclEvalObjvInternal ()
#132 0x000000000284871b in Tcl_EvalObjv ()
#133 0x0000000002884939 in ?? ()
#134 0x00000000028478d2 in TclEvalObjvInternal ()
#135 0x000000000286c359 in ?? ()
#136 0x0000000002870db6 in TclCompEvalObj ()
#137 0x0000000002894fe0 in TclObjInterpProc ()
#138 0x00000000028478d2 in TclEvalObjvInternal ()
#139 0x000000000284871b in Tcl_EvalObjv ()
#140 0x000000000284887e in Tcl_EvalObjEx ()
#141 0x00000000028955d7 in Tcl_UplevelObjCmd ()
#142 0x00000000028478d2 in TclEvalObjvInternal ()
#143 0x000000000286c359 in ?? ()
#144 0x0000000002870db6 in TclCompEvalObj ()
#145 0x00000000028488d4 in Tcl_EvalObjEx ()
#146 0x000000000284ee6b in Tcl_CatchObjCmd ()
#147 0x00000000028478d2 in TclEvalObjvInternal ()
#148 0x000000000286c359 in ?? ()
#149 0x0000000002870db6 in TclCompEvalObj ()
#150 0x0000000002894fe0 in TclObjInterpProc ()
#151 0x00000000028478d2 in TclEvalObjvInternal ()
#152 0x000000000284871b in Tcl_EvalObjv ()
#153 0x0000000002884939 in ?? ()
#154 0x00000000028478d2 in TclEvalObjvInternal ()
#155 0x0000000002847c1f in Tcl_EvalEx ()
#156 0x00000000028488a3 in Tcl_EvalObjEx ()
#157 0x000000000284e96e in Tcl_EvalObjCmd ()
#158 0x00000000028478d2 in TclEvalObjvInternal ()
#159 0x000000000286c359 in ?? ()
#160 0x0000000002870db6 in TclCompEvalObj ()
#161 0x0000000002894fe0 in TclObjInterpProc ()
#162 0x00000000028478d2 in TclEvalObjvInternal ()
#163 0x000000000284871b in Tcl_EvalObjv ()
#164 0x000000000284887e in Tcl_EvalObjEx ()
#165 0x00000000028955d7 in Tcl_UplevelObjCmd ()
#166 0x00000000028478d2 in TclEvalObjvInternal ()
#167 0x000000000286c359 in ?? ()
#168 0x0000000002870db6 in TclCompEvalObj ()
#169 0x00000000028488d4 in Tcl_EvalObjEx ()
#170 0x000000000284ee6b in Tcl_CatchObjCmd ()
#171 0x00000000028478d2 in TclEvalObjvInternal ()
#172 0x000000000286c359 in ?? ()
#173 0x0000000002870db6 in TclCompEvalObj ()
#174 0x0000000002894fe0 in TclObjInterpProc ()
#175 0x00000000028478d2 in TclEvalObjvInternal ()
#176 0x000000000284871b in Tcl_EvalObjv ()
#177 0x0000000002884939 in ?? ()
#178 0x00000000028478d2 in TclEvalObjvInternal ()
#179 0x0000000002847c1f in Tcl_EvalEx ()
#180 0x00000000028480c7 in Tcl_Eval ()
#181 0x0000000001e81c97 in ag::ucliProcessIF::tclEval(char const*, QString*, bool) ()
#182 0x0000000001e8c201 in ag::ucliProcessIF::executeCommand(QString const&, QString*, bool) ()
#183 0x0000000001e6dd9c in ag::ucliMessage::evalCmd(QString const&, bool, bool) ()
#184 0x0000000001e6f820 in ag::ucliMessage::sendContinue(QString const&) ()
#185 0x0000000001e56c4d in ag::simIF::control(ag::eInfSimControl, QString const&) ()
#186 0x0000000001e60bba in ag::guiSimCommand(ag::eInfSimControl, char const*, cci_interp_s*) ()
#187 0x0000000001e61f9f in ag::gui_sim_continue_cmd(void*, cci_interp_s*, ll_list_s*) ()
#188 0x00000000026e6f0e in cci_check_command ()
#189 0x00000000028462af in TclInvokeStringCommand ()
#190 0x00000000028478d2 in TclEvalObjvInternal ()
#191 0x0000000002847c1f in Tcl_EvalEx ()
#192 0x00000000028488a3 in Tcl_EvalObjEx ()
#193 0x000000000284e96e in Tcl_EvalObjCmd ()
#194 0x00000000028478d2 in TclEvalObjvInternal ()
#195 0x000000000286c359 in ?? ()
#196 0x0000000002870db6 in TclCompEvalObj ()
#197 0x0000000002894fe0 in TclObjInterpProc ()
#198 0x00000000028478d2 in TclEvalObjvInternal ()
#199 0x000000000284871b in Tcl_EvalObjv ()
#200 0x000000000284887e in Tcl_EvalObjEx ()
#201 0x00000000028955d7 in Tcl_UplevelObjCmd ()
#202 0x00000000028478d2 in TclEvalObjvInternal ()
#203 0x000000000286c359 in ?? ()
#204 0x0000000002870db6 in TclCompEvalObj ()
#205 0x00000000028488d4 in Tcl_EvalObjEx ()
#206 0x000000000284ee6b in Tcl_CatchObjCmd ()
#207 0x00000000028478d2 in TclEvalObjvInternal ()
#208 0x000000000286c359 in ?? ()
#209 0x0000000002870db6 in TclCompEvalObj ()
#210 0x0000000002894fe0 in TclObjInterpProc ()
#211 0x00000000028478d2 in TclEvalObjvInternal ()
#212 0x000000000284871b in Tcl_EvalObjv ()
#213 0x0000000002884939 in ?? ()
#214 0x00000000028478d2 in TclEvalObjvInternal ()
#215 0x000000000286c359 in ?? ()
#216 0x0000000002870db6 in TclCompEvalObj ()
#217 0x0000000002894fe0 in TclObjInterpProc ()
#218 0x00000000028478d2 in TclEvalObjvInternal ()
#219 0x000000000284871b in Tcl_EvalObjv ()
#220 0x000000000284887e in Tcl_EvalObjEx ()
#221 0x00000000028955d7 in Tcl_UplevelObjCmd ()
#222 0x00000000028478d2 in TclEvalObjvInternal ()
#223 0x000000000286c359 in ?? ()
#224 0x0000000002870db6 in TclCompEvalObj ()
#225 0x00000000028488d4 in Tcl_EvalObjEx ()
#226 0x000000000284ee6b in Tcl_CatchObjCmd ()
#227 0x00000000028478d2 in TclEvalObjvInternal ()
#228 0x000000000286c359 in ?? ()
#229 0x0000000002870db6 in TclCompEvalObj ()
#230 0x0000000002894fe0 in TclObjInterpProc ()
#231 0x00000000028478d2 in TclEvalObjvInternal ()
#232 0x000000000284871b in Tcl_EvalObjv ()
#233 0x0000000002884939 in ?? ()
#234 0x00000000028478d2 in TclEvalObjvInternal ()
#235 0x0000000002847c1f in Tcl_EvalEx ()
#236 0x00000000026e3f8c in ?? ()
#237 0x000000000229b3d9 in ek_exec_cci_command_2(EkTclObjHandle&, cci_interp_s*, char const*, int, int, int, int, int, int, int) ()
#238 0x0000000002295670 in EkTclShellExecImpl::TExecCommandIF::runCommand(QString&) ()
#239 0x000000000229eb60 in EkShellExecutionImpl::TExecCommand::run() ()
#240 0x000000000229e4bd in EkShellExecutionImpl::startRun(EkShellExecutionImpl::TExecCommand*, EkTriState, EkTriState) ()
#241 0x000000000229e610 in EkShellExecutionImpl::executeSync(QString const&, bool, bool, bool, QString*, EkShellDefs::TCmdSrc, bool, EkTriState, EkTriState, bool) ()
#242 0x000000000200bf5f in utilEkShellImpl::executeSync(QString const&, bool, bool, bool, QString*, EkShellDefs::TCmdSrc, bool, EkTriState, EkTriState, bool) ()
#243 0x00000000022353fd in EkTclAction::slotExecTcl() ()
#244 0x0000000002235435 in EkTclAction::slotExecTclFromAccel() ()
#245 0x0000000002249dbc in EkTclAction::qt_invoke(int, QUObject*) ()
#246 0x0000000002960047 in QObject::activate_signal(QConnectionList*, QUObject*) ()
#247 0x0000000002bc415f in QSignal::signal(QVariant const&) ()
#248 0x0000000002971446 in QSignal::activate() ()
#249 0x00000000029106e5 in QAccelPrivate::activate(QAccelItem*) ()
#250 0x0000000002910c00 in QAccelManager::dispatchAccelEvent(QWidget*, QKeyEvent*) ()
#251 0x0000000002913762 in QApplication::notify(QObject*, QEvent*) ()
#252 0x000000000207b747 in EkExtQtApp::notify(QObject*, QEvent*) ()
#253 0x000000000204c4c8 in ag::baseQtApp::notify(QObject*, QEvent*) ()
#254 0x000000000290fc64 in QAccelManager::tryAccelEvent(QWidget*, QKeyEvent*) ()
#255 0x00000000028be542 in QETWidget::translateKeyEvent(_XEvent const*, bool) ()
#256 0x00000000028c7ea5 in QApplication::x11ProcessEvent(_XEvent*) ()
#257 0x00000000028d55da in QEventLoop::processEvents(unsigned int) ()
#258 0x0000000001157855 in ag::ovaEventLoop::processEvents(unsigned int) ()
#259 0x0000000002922dc9 in QEventLoop::enterLoop() ()
#260 0x0000000002922d4a in QEventLoop::exec() ()
#261 0x000000000115718b in run_cci_event_loop ()
#262 0x000000000111370f in ag::ovaAppInst::enterEventLoop(int, char**) ()
#263 0x0000000000e21821 in main ()
Completed context dump data
==========================================================================
