Chronologic VCS simulator copyright 1991-2014
Contains Synopsys proprietary information.
Compiler version J-2014.12-SP3-1_Full64; Runtime version J-2014.12-SP3-1_Full64;  Sep 28 16:42 2015
VCD+ Writer J-2014.12-SP3-1_Full64 Copyright (c) 1991-2014 by Synopsys Inc.
The file '/afs/ece.cmu.edu/usr/ashresth/Private/545proj/F15_18545_BattleZone/code/AVG/inter.vpd' was opened successfully.
$finish called from file "avg_test.sv", line 31.
$finish at simulation time                 1001
Simulation complete, time is 1001.
Chronologic VCS simulator copyright 1991-2014
Contains Synopsys proprietary information.
Compiler version J-2014.12-SP3-1_Full64; Runtime version J-2014.12-SP3-1_Full64;  Sep 28 17:04 2015
VCD+ Writer J-2014.12-SP3-1_Full64 Copyright (c) 1991-2014 by Synopsys Inc.
The file '/afs/ece.cmu.edu/usr/ashresth/Private/545proj/F15_18545_BattleZone/code/AVG/inter.vpd' was opened successfully.
al/synopsys/vcs-mx_vJ-2014.12/gui/dve/libraries/syn/generic.sdb'
$finish called from file "avg_test.sv", line 49.
$finish at simulation time                 1001
Simulation complete, time is 1001.
Chronologic VCS simulator copyright 1991-2014
Contains Synopsys proprietary information.
Compiler version J-2014.12-SP3-1_Full64; Runtime version J-2014.12-SP3-1_Full64;  Sep 28 17:05 2015
VCD+ Writer J-2014.12-SP3-1_Full64 Copyright (c) 1991-2014 by Synopsys Inc.
The file '/afs/ece.cmu.edu/usr/ashresth/Private/545proj/F15_18545_BattleZone/code/AVG/inter.vpd' was opened successfully.
$finish called from file "avg_test.sv", line 49.
$finish at simulation time                 1001
Simulation complete, time is 1001.
Chronologic VCS simulator copyright 1991-2014
Contains Synopsys proprietary information.
Compiler version J-2014.12-SP3-1_Full64; Runtime version J-2014.12-SP3-1_Full64;  Sep 28 17:05 2015
VCD+ Writer J-2014.12-SP3-1_Full64 Copyright (c) 1991-2014 by Synopsys Inc.
The file '/afs/ece.cmu.edu/usr/ashresth/Private/545proj/F15_18545_BattleZone/code/AVG/inter.vpd' was opened successfully.
$finish called from file "avg_test.sv", line 49.
$finish at simulation time                10001
Simulation complete, time is 10001.
Error: [EK-CMD-009]
value 'No message selected.' for option '-msgid' not of type 'integer'.
Error: [EK-CMD-009]
value 'No message selected.' for option '-msgid' not of type 'integer'.
Error: [EK-CMD-009]
value 'No message selected.' for option '-msgid' not of type 'integer'.
Error: [EK-CMD-009]
value 'No message selected.' for option '-msgid' not of type 'integer'.
Error: [EK-CMD-009]
value 'No message selected.' for option '-msgid' not of type 'integer'.
Error: [EK-CMD-009]
value 'No message selected.' for option '-msgid' not of type 'integer'.
Chronologic VCS simulator copyright 1991-2014
Contains Synopsys proprietary information.
Compiler version J-2014.12-SP3-1_Full64; Runtime version J-2014.12-SP3-1_Full64;  Sep 28 17:06 2015
VCD+ Writer J-2014.12-SP3-1_Full64 Copyright (c) 1991-2014 by Synopsys Inc.
The file '/afs/ece.cmu.edu/usr/ashresth/Private/545proj/F15_18545_BattleZone/code/AVG/inter.vpd' was opened successfully.
$finish called from file "avg_test.sv", line 49.
$finish at simulation time                10001
Simulation complete, time is 10001.
Chronologic VCS simulator copyright 1991-2014
Contains Synopsys proprietary information.
Compiler version J-2014.12-SP3-1_Full64; Runtime version J-2014.12-SP3-1_Full64;  Sep 28 17:06 2015
VCD+ Writer J-2014.12-SP3-1_Full64 Copyright (c) 1991-2014 by Synopsys Inc.
The file '/afs/ece.cmu.edu/usr/ashresth/Private/545proj/F15_18545_BattleZone/code/AVG/inter.vpd' was opened successfully.
$finish called from file "avg_test.sv", line 49.
$finish at simulation time                10001
Simulation complete, time is 10001.
Chronologic VCS simulator copyright 1991-2014
Contains Synopsys proprietary information.
Compiler version J-2014.12-SP3-1_Full64; Runtime version J-2014.12-SP3-1_Full64;  Sep 28 17:07 2015
VCD+ Writer J-2014.12-SP3-1_Full64 Copyright (c) 1991-2014 by Synopsys Inc.
The file '/afs/ece.cmu.edu/usr/ashresth/Private/545proj/F15_18545_BattleZone/code/AVG/inter.vpd' was opened successfully.
$finish called from file "avg_test.sv", line 49.
$finish at simulation time                10001
Simulation complete, time is 10001.
Chronologic VCS simulator copyright 1991-2014
Contains Synopsys proprietary information.
Compiler version J-2014.12-SP3-1_Full64; Runtime version J-2014.12-SP3-1_Full64;  Sep 28 17:08 2015
VCD+ Writer J-2014.12-SP3-1_Full64 Copyright (c) 1991-2014 by Synopsys Inc.
The file '/afs/ece.cmu.edu/usr/ashresth/Private/545proj/F15_18545_BattleZone/code/AVG/inter.vpd' was opened successfully.
$finish called from file "avg_test.sv", line 49.
$finish at simulation time                10001
Simulation complete, time is 10001.
Chronologic VCS simulator copyright 1991-2014
Contains Synopsys proprietary information.
Compiler version J-2014.12-SP3-1_Full64; Runtime version J-2014.12-SP3-1_Full64;  Sep 28 17:08 2015
VCD+ Writer J-2014.12-SP3-1_Full64 Copyright (c) 1991-2014 by Synopsys Inc.
The file '/afs/ece.cmu.edu/usr/ashresth/Private/545proj/F15_18545_BattleZone/code/AVG/inter.vpd' was opened successfully.
$finish called from file "avg_test.sv", line 49.
$finish at simulation time                10001
Simulation complete, time is 10001.
Chronologic VCS simulator copyright 1991-2014
Contains Synopsys proprietary information.
Compiler version J-2014.12-SP3-1_Full64; Runtime version J-2014.12-SP3-1_Full64;  Sep 28 17:10 2015
VCD+ Writer J-2014.12-SP3-1_Full64 Copyright (c) 1991-2014 by Synopsys Inc.
The file '/afs/ece.cmu.edu/usr/ashresth/Private/545proj/F15_18545_BattleZone/code/AVG/inter.vpd' was opened successfully.
$finish called from file "avg_test.sv", line 49.
$finish at simulation time                10001
Simulation complete, time is 10001.
Chronologic VCS simulator copyright 1991-2014
Contains Synopsys proprietary information.
Compiler version J-2014.12-SP3-1_Full64; Runtime version J-2014.12-SP3-1_Full64;  Sep 28 17:11 2015
VCD+ Writer J-2014.12-SP3-1_Full64 Copyright (c) 1991-2014 by Synopsys Inc.
The file '/afs/ece.cmu.edu/usr/ashresth/Private/545proj/F15_18545_BattleZone/code/AVG/inter.vpd' was opened successfully.
$finish called from file "avg_test.sv", line 49.
$finish at simulation time                10001
Simulation complete, time is 10001.
Chronologic VCS simulator copyright 1991-2014
Contains Synopsys proprietary information.
Compiler version J-2014.12-SP3-1_Full64; Runtime version J-2014.12-SP3-1_Full64;  Sep 28 17:12 2015
VCD+ Writer J-2014.12-SP3-1_Full64 Copyright (c) 1991-2014 by Synopsys Inc.
The file '/afs/ece.cmu.edu/usr/ashresth/Private/545proj/F15_18545_BattleZone/code/AVG/inter.vpd' was opened successfully.
$finish called from file "avg_test.sv", line 49.
$finish at simulation time                10001
Simulation complete, time is 10001.
Chronologic VCS simulator copyright 1991-2014
Contains Synopsys proprietary information.
Compiler version J-2014.12-SP3-1_Full64; Runtime version J-2014.12-SP3-1_Full64;  Sep 28 17:12 2015
VCD+ Writer J-2014.12-SP3-1_Full64 Copyright (c) 1991-2014 by Synopsys Inc.
The file '/afs/ece.cmu.edu/usr/ashresth/Private/545proj/F15_18545_BattleZone/code/AVG/inter.vpd' was opened successfully.
$finish called from file "avg_test.sv", line 49.
$finish at simulation time                10001
Simulation complete, time is 10001.
Chronologic VCS simulator copyright 1991-2014
Contains Synopsys proprietary information.
Compiler version J-2014.12-SP3-1_Full64; Runtime version J-2014.12-SP3-1_Full64;  Sep 28 17:13 2015
VCD+ Writer J-2014.12-SP3-1_Full64 Copyright (c) 1991-2014 by Synopsys Inc.
The file '/afs/ece.cmu.edu/usr/ashresth/Private/545proj/F15_18545_BattleZone/code/AVG/inter.vpd' was opened successfully.
$finish called from file "avg_test.sv", line 49.
$finish at simulation time                10001
Simulation complete, time is 10001.
Chronologic VCS simulator copyright 1991-2014
Contains Synopsys proprietary information.
Compiler version J-2014.12-SP3-1_Full64; Runtime version J-2014.12-SP3-1_Full64;  Sep 30 10:43 2015
VCD+ Writer J-2014.12-SP3-1_Full64 Copyright (c) 1991-2014 by Synopsys Inc.
The file '/afs/ece.cmu.edu/usr/ashresth/Private/545proj/F15_18545_BattleZone/code/AVG/inter.vpd' was opened successfully.
$finish called from file "avg_test.sv", line 49.
$finish at simulation time                10001
Simulation complete, time is 10001.
Chronologic VCS simulator copyright 1991-2014
Contains Synopsys proprietary information.
Compiler version J-2014.12-SP3-1_Full64; Runtime version J-2014.12-SP3-1_Full64;  Sep 30 10:50 2015
VCD+ Writer J-2014.12-SP3-1_Full64 Copyright (c) 1991-2014 by Synopsys Inc.
The file '/afs/ece.cmu.edu/usr/ashresth/Private/545proj/F15_18545_BattleZone/code/AVG/inter.vpd' was opened successfully.
$finish called from file "avg_test.sv", line 49.
$finish at simulation time                10001
Simulation complete, time is 10001.
Chronologic VCS simulator copyright 1991-2014
Contains Synopsys proprietary information.
Compiler version J-2014.12-SP3-1_Full64; Runtime version J-2014.12-SP3-1_Full64;  Sep 30 10:56 2015
VCD+ Writer J-2014.12-SP3-1_Full64 Copyright (c) 1991-2014 by Synopsys Inc.
The file '/afs/ece.cmu.edu/usr/ashresth/Private/545proj/F15_18545_BattleZone/code/AVG/inter.vpd' was opened successfully.
$finish called from file "avg_test.sv", line 52.
$finish at simulation time                10001
Simulation complete, time is 10001.
Chronologic VCS simulator copyright 1991-2014
Contains Synopsys proprietary information.
Compiler version J-2014.12-SP3-1_Full64; Runtime version J-2014.12-SP3-1_Full64;  Sep 30 10:58 2015
VCD+ Writer J-2014.12-SP3-1_Full64 Copyright (c) 1991-2014 by Synopsys Inc.
The file '/afs/ece.cmu.edu/usr/ashresth/Private/545proj/F15_18545_BattleZone/code/AVG/inter.vpd' was opened successfully.
$finish called from file "avg_test.sv", line 54.
$finish at simulation time                10001
Simulation complete, time is 10001.
Chronologic VCS simulator copyright 1991-2014
Contains Synopsys proprietary information.
Compiler version J-2014.12-SP3-1_Full64; Runtime version J-2014.12-SP3-1_Full64;  Sep 30 10:58 2015
VCD+ Writer J-2014.12-SP3-1_Full64 Copyright (c) 1991-2014 by Synopsys Inc.
The file '/afs/ece.cmu.edu/usr/ashresth/Private/545proj/F15_18545_BattleZone/code/AVG/inter.vpd' was opened successfully.
$finish called from file "avg_test.sv", line 54.
$finish at simulation time                10001
Simulation complete, time is 10001.
Chronologic VCS simulator copyright 1991-2014
Contains Synopsys proprietary information.
Compiler version J-2014.12-SP3-1_Full64; Runtime version J-2014.12-SP3-1_Full64;  Sep 30 10:59 2015
VCD+ Writer J-2014.12-SP3-1_Full64 Copyright (c) 1991-2014 by Synopsys Inc.
The file '/afs/ece.cmu.edu/usr/ashresth/Private/545proj/F15_18545_BattleZone/code/AVG/inter.vpd' was opened successfully.
$finish called from file "avg_test.sv", line 54.
$finish at simulation time                10001
Simulation complete, time is 10001.
Chronologic VCS simulator copyright 1991-2014
Contains Synopsys proprietary information.
Compiler version J-2014.12-SP3-1_Full64; Runtime version J-2014.12-SP3-1_Full64;  Sep 30 11:00 2015
VCD+ Writer J-2014.12-SP3-1_Full64 Copyright (c) 1991-2014 by Synopsys Inc.
The file '/afs/ece.cmu.edu/usr/ashresth/Private/545proj/F15_18545_BattleZone/code/AVG/inter.vpd' was opened successfully.
$finish called from file "avg_test.sv", line 54.
$finish at simulation time                10001
Simulation complete, time is 10001.
Chronologic VCS simulator copyright 1991-2014
Contains Synopsys proprietary information.
Compiler version J-2014.12-SP3-1_Full64; Runtime version J-2014.12-SP3-1_Full64;  Sep 30 11:01 2015
VCD+ Writer J-2014.12-SP3-1_Full64 Copyright (c) 1991-2014 by Synopsys Inc.
The file '/afs/ece.cmu.edu/usr/ashresth/Private/545proj/F15_18545_BattleZone/code/AVG/inter.vpd' was opened successfully.
$finish called from file "avg_test.sv", line 54.
$finish at simulation time                10001
Simulation complete, time is 10001.
Chronologic VCS simulator copyright 1991-2014
Contains Synopsys proprietary information.
Compiler version J-2014.12-SP3-1_Full64; Runtime version J-2014.12-SP3-1_Full64;  Sep 30 11:02 2015
VCD+ Writer J-2014.12-SP3-1_Full64 Copyright (c) 1991-2014 by Synopsys Inc.
The file '/afs/ece.cmu.edu/usr/ashresth/Private/545proj/F15_18545_BattleZone/code/AVG/inter.vpd' was opened successfully.
$finish called from file "avg_test.sv", line 54.
$finish at simulation time                10001
Simulation complete, time is 10001.
Chronologic VCS simulator copyright 1991-2014
Contains Synopsys proprietary information.
Compiler version J-2014.12-SP3-1_Full64; Runtime version J-2014.12-SP3-1_Full64;  Sep 30 11:03 2015
VCD+ Writer J-2014.12-SP3-1_Full64 Copyright (c) 1991-2014 by Synopsys Inc.
The file '/afs/ece.cmu.edu/usr/ashresth/Private/545proj/F15_18545_BattleZone/code/AVG/inter.vpd' was opened successfully.
$finish called from file "avg_test.sv", line 54.
$finish at simulation time                10001
Simulation complete, time is 10001.
Chronologic VCS simulator copyright 1991-2014
Contains Synopsys proprietary information.
Compiler version J-2014.12-SP3-1_Full64; Runtime version J-2014.12-SP3-1_Full64;  Sep 30 11:03 2015
VCD+ Writer J-2014.12-SP3-1_Full64 Copyright (c) 1991-2014 by Synopsys Inc.
The file '/afs/ece.cmu.edu/usr/ashresth/Private/545proj/F15_18545_BattleZone/code/AVG/inter.vpd' was opened successfully.
$finish called from file "avg_test.sv", line 54.
$finish at simulation time                10001
Simulation complete, time is 10001.
Chronologic VCS simulator copyright 1991-2014
Contains Synopsys proprietary information.
Compiler version J-2014.12-SP3-1_Full64; Runtime version J-2014.12-SP3-1_Full64;  Sep 30 11:04 2015
VCD+ Writer J-2014.12-SP3-1_Full64 Copyright (c) 1991-2014 by Synopsys Inc.
The file '/afs/ece.cmu.edu/usr/ashresth/Private/545proj/F15_18545_BattleZone/code/AVG/inter.vpd' was opened successfully.
$finish called from file "avg_test.sv", line 54.
$finish at simulation time                10001
Simulation complete, time is 10001.
Chronologic VCS simulator copyright 1991-2014
Contains Synopsys proprietary information.
Compiler version J-2014.12-SP3-1_Full64; Runtime version J-2014.12-SP3-1_Full64;  Sep 30 11:04 2015
VCD+ Writer J-2014.12-SP3-1_Full64 Copyright (c) 1991-2014 by Synopsys Inc.
The file '/afs/ece.cmu.edu/usr/ashresth/Private/545proj/F15_18545_BattleZone/code/AVG/inter.vpd' was opened successfully.
$finish called from file "avg_test.sv", line 54.
$finish at simulation time                10001
Simulation complete, time is 10001.
