Vivado Simulator 2015.2
Time resolution is 1 ps
 Block Memory Generator module loading initial data...
 Block Memory Generator data initialization complete.
Block Memory Generator module fb_top.fbc.bramA.blockRam_i.blk_mem_gen_0.inst.native_mem_module.blk_mem_gen_v8_2_inst is using a behavioral model for simulation which will not precisely model memory collision behavior.
 Block Memory Generator module loading initial data...
 Block Memory Generator data initialization complete.
Block Memory Generator module fb_top.fbc.bramB.blockRam_i.blk_mem_gen_0.inst.native_mem_module.blk_mem_gen_v8_2_inst is using a behavioral model for simulation which will not precisely model memory collision behavior.
blk_mem_gen_v8_2 WARNING: Address 4b04f is outside range for A Write
blk_mem_gen_v8_2 WARNING: Address 4b04f is outside range for A Read
blk_mem_gen_v8_2 WARNING: Address 4b2d0 is outside range for A Write
blk_mem_gen_v8_2 WARNING: Address 4b2d0 is outside range for A Read
blk_mem_gen_v8_2 WARNING: Address 4b551 is outside range for A Write
blk_mem_gen_v8_2 WARNING: Address 4b551 is outside range for A Read
blk_mem_gen_v8_2 WARNING: Address 4b7d1 is outside range for A Write
blk_mem_gen_v8_2 WARNING: Address 4b7d1 is outside range for A Read
blk_mem_gen_v8_2 WARNING: Address 4ba52 is outside range for A Write
blk_mem_gen_v8_2 WARNING: Address 4ba52 is outside range for A Read
blk_mem_gen_v8_2 WARNING: Address 4bcd3 is outside range for A Write
blk_mem_gen_v8_2 WARNING: Address 4bcd3 is outside range for A Read
blk_mem_gen_v8_2 WARNING: Address 4bf53 is outside range for A Write
blk_mem_gen_v8_2 WARNING: Address 4bf53 is outside range for A Read
blk_mem_gen_v8_2 WARNING: Address 4c1d4 is outside range for A Write
blk_mem_gen_v8_2 WARNING: Address 4c1d4 is outside range for A Read
blk_mem_gen_v8_2 WARNING: Address 4c455 is outside range for A Write
blk_mem_gen_v8_2 WARNING: Address 4c455 is outside range for A Read
blk_mem_gen_v8_2 WARNING: Address 4c6d5 is outside range for A Write
blk_mem_gen_v8_2 WARNING: Address 4c6d5 is outside range for A Read
blk_mem_gen_v8_2 WARNING: Address 4c956 is outside range for A Write
blk_mem_gen_v8_2 WARNING: Address 4c956 is outside range for A Read
blk_mem_gen_v8_2 WARNING: Address 4cbd7 is outside range for A Write
blk_mem_gen_v8_2 WARNING: Address 4cbd7 is outside range for A Read
blk_mem_gen_v8_2 WARNING: Address 4ce57 is outside range for A Write
blk_mem_gen_v8_2 WARNING: Address 4ce57 is outside range for A Read
blk_mem_gen_v8_2 WARNING: Address 4d0d8 is outside range for A Write
blk_mem_gen_v8_2 WARNING: Address 4d0d8 is outside range for A Read
blk_mem_gen_v8_2 WARNING: Address 4d359 is outside range for A Write
blk_mem_gen_v8_2 WARNING: Address 4d359 is outside range for A Read
blk_mem_gen_v8_2 WARNING: Address 4d5d9 is outside range for A Write
blk_mem_gen_v8_2 WARNING: Address 4d5d9 is outside range for A Read
blk_mem_gen_v8_2 WARNING: Address 4d85a is outside range for A Write
blk_mem_gen_v8_2 WARNING: Address 4d85a is outside range for A Read
blk_mem_gen_v8_2 WARNING: Address 4dadb is outside range for A Write
blk_mem_gen_v8_2 WARNING: Address 4dadb is outside range for A Read
blk_mem_gen_v8_2 WARNING: Address 4dd5b is outside range for A Write
blk_mem_gen_v8_2 WARNING: Address 4dd5b is outside range for A Read
blk_mem_gen_v8_2 WARNING: Address 4dfdc is outside range for A Write
blk_mem_gen_v8_2 WARNING: Address 4dfdc is outside range for A Read
blk_mem_gen_v8_2 WARNING: Address 4e25d is outside range for A Write
blk_mem_gen_v8_2 WARNING: Address 4e25d is outside range for A Read
blk_mem_gen_v8_2 WARNING: Address 4e4dd is outside range for A Write
blk_mem_gen_v8_2 WARNING: Address 4e4dd is outside range for A Read
blk_mem_gen_v8_2 WARNING: Address 4e75e is outside range for A Write
blk_mem_gen_v8_2 WARNING: Address 4e75e is outside range for A Read
blk_mem_gen_v8_2 WARNING: Address 4e9df is outside range for A Write
blk_mem_gen_v8_2 WARNING: Address 4e9df is outside range for A Read
blk_mem_gen_v8_2 WARNING: Address 4ec5f is outside range for A Write
blk_mem_gen_v8_2 WARNING: Address 4ec5f is outside range for A Read
blk_mem_gen_v8_2 WARNING: Address 4eee0 is outside range for A Write
blk_mem_gen_v8_2 WARNING: Address 4eee0 is outside range for A Read
blk_mem_gen_v8_2 WARNING: Address 4f161 is outside range for A Write
blk_mem_gen_v8_2 WARNING: Address 4f161 is outside range for A Read
blk_mem_gen_v8_2 WARNING: Address 4f3e1 is outside range for A Write
blk_mem_gen_v8_2 WARNING: Address 4f3e1 is outside range for A Read
blk_mem_gen_v8_2 WARNING: Address 4f662 is outside range for A Write
blk_mem_gen_v8_2 WARNING: Address 4f662 is outside range for A Read
blk_mem_gen_v8_2 WARNING: Address 4f8e3 is outside range for A Write
blk_mem_gen_v8_2 WARNING: Address 4f8e3 is outside range for A Read
blk_mem_gen_v8_2 WARNING: Address 4fb63 is outside range for A Write
blk_mem_gen_v8_2 WARNING: Address 4fb63 is outside range for A Read
blk_mem_gen_v8_2 WARNING: Address 4fde4 is outside range for A Write
blk_mem_gen_v8_2 WARNING: Address 4fde4 is outside range for A Read
blk_mem_gen_v8_2 WARNING: Address 50065 is outside range for A Write
blk_mem_gen_v8_2 WARNING: Address 50065 is outside range for A Read
