#-----------------------------------------------------------
# Vivado v2015.2 (64-bit)
# SW Build 1266856 on Fri Jun 26 16:35:25 MDT 2015
# IP Build 1264090 on Wed Jun 24 14:22:01 MDT 2015
# Start of session at: Mon Sep 28 15:54:30 2015
# Process ID: 4202
# Log file: /afs/ece.cmu.edu/usr/ppearson/Private/class/18545/F15_18545_BattleZone/code/poc/avg/frame_buffer/vivado.log
# Journal file: /afs/ece.cmu.edu/usr/ppearson/Private/class/18545/F15_18545_BattleZone/code/poc/avg/frame_buffer/vivado.jou
#-----------------------------------------------------------
start_gui
open_project /afs/ece.cmu.edu/usr/ppearson/Private/class/18545/F15_18545_BattleZone/code/poc/avg/frame_buffer/frame_buffer.xpr
INFO: [Project 1-313] Project file moved from '/afs/ece.cmu.edu/usr/htay/frame_buffer' since last save.
Scanning sources...
Finished scanning sources
INFO: [IP_Flow 19-234] Refreshing IP repositories
INFO: [IP_Flow 19-1704] No user IP repositories specified
INFO: [IP_Flow 19-2313] Loaded Vivado IP repository '/afs/ece.cmu.edu/support/xilinx/xilinx.release/Vivado-2015.2/Vivado/2015.2/data/ip'.
open_project: Time (s): cpu = 00:00:16 ; elapsed = 00:00:06 . Memory (MB): peak = 5936.637 ; gain = 93.277 ; free physical = 687 ; free virtual = 15759
reset_run synth_1
launch_runs impl_1
[Mon Sep 28 15:55:52 2015] Launched synth_1...
Run output will be captured here: /afs/ece.cmu.edu/usr/ppearson/Private/class/18545/F15_18545_BattleZone/code/poc/avg/frame_buffer/frame_buffer.runs/synth_1/runme.log
[Mon Sep 28 15:55:52 2015] Launched impl_1...
Run output will be captured here: /afs/ece.cmu.edu/usr/ppearson/Private/class/18545/F15_18545_BattleZone/code/poc/avg/frame_buffer/frame_buffer.runs/impl_1/runme.log
launch_runs impl_1 -to_step write_bitstream
[Mon Sep 28 16:00:04 2015] Launched impl_1...
Run output will be captured here: /afs/ece.cmu.edu/usr/ppearson/Private/class/18545/F15_18545_BattleZone/code/poc/avg/frame_buffer/frame_buffer.runs/impl_1/runme.log
open_hw
connect_hw_server
INFO: [Labtools 27-2285] Connecting to hw_server url TCP:localhost:3121
open_hw_target [lindex [get_hw_targets -of_objects [get_hw_servers localhost]] 0]
INFO: [Labtoolstcl 44-466] Opening hw_target localhost:3121/xilinx_tcf/Digilent/210274552729A
set_property PROGRAM.FILE {/afs/ece.cmu.edu/usr/ppearson/Private/class/18545/F15_18545_BattleZone/code/poc/avg/frame_buffer/frame_buffer.runs/impl_1/fb_top.bit} [lindex [get_hw_devices] 0]
current_hw_device [lindex [get_hw_devices] 0]
refresh_hw_device -update_hw_probes false [lindex [get_hw_devices] 0]
INFO: [Labtools 27-1435] Device xc7a100t (JTAG device index = 0) is not programmed (DONE status = 0).
set_property PROBES.FILE {} [lindex [get_hw_devices] 0]
set_property PROGRAM.FILE {/afs/ece.cmu.edu/usr/ppearson/Private/class/18545/F15_18545_BattleZone/code/poc/avg/frame_buffer/frame_buffer.runs/impl_1/fb_top.bit} [lindex [get_hw_devices] 0]
program_hw_devices [lindex [get_hw_devices] 0]
INFO: [Labtools 27-3164] End of startup status: HIGH
refresh_hw_device [lindex [get_hw_devices] 0]
INFO: [Labtools 27-1434] Device xc7a100t (JTAG device index = 0) is programmed with a design that has no supported debug core(s) in it.
WARNING: [Labtools 27-3123] The debug hub core was not detected at User Scan Chain 1 or 3.
Resolution: 
1. Make sure the clock connected to the debug hub (dbg_hub) core is a free running clock and is active OR
2. Manually launch hw_server with -e "set xsdb-user-bscan <C_USER_SCAN_CHAIN scan_chain_number>" to detect the debug hub at User Scan Chain of 2 or 4. To determine the user scan chain setting, open the implemented design and use: get_property C_USER_SCAN_CHAIN [get_debug_cores dbg_hub].
close [ open /afs/ece.cmu.edu/usr/ppearson/Private/class/18545/F15_18545_BattleZone/code/poc/avg/frame_buffer/frame_buffer.srcs/sources_1/new/animation_tb.sv w ]
add_files /afs/ece.cmu.edu/usr/ppearson/Private/class/18545/F15_18545_BattleZone/code/poc/avg/frame_buffer/frame_buffer.srcs/sources_1/new/animation_tb.sv
reset_run synth_1
launch_runs impl_1
[Mon Sep 28 16:09:27 2015] Launched synth_1...
Run output will be captured here: /afs/ece.cmu.edu/usr/ppearson/Private/class/18545/F15_18545_BattleZone/code/poc/avg/frame_buffer/frame_buffer.runs/synth_1/runme.log
[Mon Sep 28 16:09:27 2015] Launched impl_1...
Run output will be captured here: /afs/ece.cmu.edu/usr/ppearson/Private/class/18545/F15_18545_BattleZone/code/poc/avg/frame_buffer/frame_buffer.runs/impl_1/runme.log
launch_runs impl_1 -to_step write_bitstream
[Mon Sep 28 16:13:29 2015] Launched impl_1...
Run output will be captured here: /afs/ece.cmu.edu/usr/ppearson/Private/class/18545/F15_18545_BattleZone/code/poc/avg/frame_buffer/frame_buffer.runs/impl_1/runme.log
set_property PROBES.FILE {} [lindex [get_hw_devices] 0]
set_property PROGRAM.FILE {/afs/ece.cmu.edu/usr/ppearson/Private/class/18545/F15_18545_BattleZone/code/poc/avg/frame_buffer/frame_buffer.runs/impl_1/fb_top.bit} [lindex [get_hw_devices] 0]
program_hw_devices [lindex [get_hw_devices] 0]
INFO: [Labtools 27-3164] End of startup status: HIGH
refresh_hw_device [lindex [get_hw_devices] 0]
INFO: [Labtools 27-1434] Device xc7a100t (JTAG device index = 0) is programmed with a design that has no supported debug core(s) in it.
WARNING: [Labtools 27-3123] The debug hub core was not detected at User Scan Chain 1 or 3.
Resolution: 
1. Make sure the clock connected to the debug hub (dbg_hub) core is a free running clock and is active OR
2. Manually launch hw_server with -e "set xsdb-user-bscan <C_USER_SCAN_CHAIN scan_chain_number>" to detect the debug hub at User Scan Chain of 2 or 4. To determine the user scan chain setting, open the implemented design and use: get_property C_USER_SCAN_CHAIN [get_debug_cores dbg_hub].
reset_run synth_1
launch_runs impl_1
[Mon Sep 28 16:15:39 2015] Launched synth_1...
Run output will be captured here: /afs/ece.cmu.edu/usr/ppearson/Private/class/18545/F15_18545_BattleZone/code/poc/avg/frame_buffer/frame_buffer.runs/synth_1/runme.log
[Mon Sep 28 16:15:39 2015] Launched impl_1...
Run output will be captured here: /afs/ece.cmu.edu/usr/ppearson/Private/class/18545/F15_18545_BattleZone/code/poc/avg/frame_buffer/frame_buffer.runs/impl_1/runme.log
launch_runs impl_1 -to_step write_bitstream
[Mon Sep 28 16:19:09 2015] Launched impl_1...
Run output will be captured here: /afs/ece.cmu.edu/usr/ppearson/Private/class/18545/F15_18545_BattleZone/code/poc/avg/frame_buffer/frame_buffer.runs/impl_1/runme.log
set_property PROBES.FILE {} [lindex [get_hw_devices] 0]
set_property PROGRAM.FILE {/afs/ece.cmu.edu/usr/ppearson/Private/class/18545/F15_18545_BattleZone/code/poc/avg/frame_buffer/frame_buffer.runs/impl_1/fb_top.bit} [lindex [get_hw_devices] 0]
program_hw_devices [lindex [get_hw_devices] 0]
INFO: [Labtools 27-3164] End of startup status: HIGH
refresh_hw_device [lindex [get_hw_devices] 0]
INFO: [Labtools 27-1434] Device xc7a100t (JTAG device index = 0) is programmed with a design that has no supported debug core(s) in it.
WARNING: [Labtools 27-3123] The debug hub core was not detected at User Scan Chain 1 or 3.
Resolution: 
1. Make sure the clock connected to the debug hub (dbg_hub) core is a free running clock and is active OR
2. Manually launch hw_server with -e "set xsdb-user-bscan <C_USER_SCAN_CHAIN scan_chain_number>" to detect the debug hub at User Scan Chain of 2 or 4. To determine the user scan chain setting, open the implemented design and use: get_property C_USER_SCAN_CHAIN [get_debug_cores dbg_hub].
reset_run synth_1
launch_runs impl_1
[Mon Sep 28 16:49:07 2015] Launched synth_1...
Run output will be captured here: /afs/ece.cmu.edu/usr/ppearson/Private/class/18545/F15_18545_BattleZone/code/poc/avg/frame_buffer/frame_buffer.runs/synth_1/runme.log
[Mon Sep 28 16:49:07 2015] Launched impl_1...
Run output will be captured here: /afs/ece.cmu.edu/usr/ppearson/Private/class/18545/F15_18545_BattleZone/code/poc/avg/frame_buffer/frame_buffer.runs/impl_1/runme.log
launch_runs impl_1 -to_step write_bitstream
[Mon Sep 28 16:53:04 2015] Launched impl_1...
Run output will be captured here: /afs/ece.cmu.edu/usr/ppearson/Private/class/18545/F15_18545_BattleZone/code/poc/avg/frame_buffer/frame_buffer.runs/impl_1/runme.log
set_property PROBES.FILE {} [lindex [get_hw_devices] 0]
set_property PROGRAM.FILE {/afs/ece.cmu.edu/usr/ppearson/Private/class/18545/F15_18545_BattleZone/code/poc/avg/frame_buffer/frame_buffer.runs/impl_1/fb_top.bit} [lindex [get_hw_devices] 0]
program_hw_devices [lindex [get_hw_devices] 0]
INFO: [Labtools 27-3164] End of startup status: HIGH
refresh_hw_device [lindex [get_hw_devices] 0]
INFO: [Labtools 27-1434] Device xc7a100t (JTAG device index = 0) is programmed with a design that has no supported debug core(s) in it.
WARNING: [Labtools 27-3123] The debug hub core was not detected at User Scan Chain 1 or 3.
Resolution: 
1. Make sure the clock connected to the debug hub (dbg_hub) core is a free running clock and is active OR
2. Manually launch hw_server with -e "set xsdb-user-bscan <C_USER_SCAN_CHAIN scan_chain_number>" to detect the debug hub at User Scan Chain of 2 or 4. To determine the user scan chain setting, open the implemented design and use: get_property C_USER_SCAN_CHAIN [get_debug_cores dbg_hub].
reset_run synth_1
launch_runs impl_1
[Mon Sep 28 16:54:21 2015] Launched synth_1...
Run output will be captured here: /afs/ece.cmu.edu/usr/ppearson/Private/class/18545/F15_18545_BattleZone/code/poc/avg/frame_buffer/frame_buffer.runs/synth_1/runme.log
[Mon Sep 28 16:54:21 2015] Launched impl_1...
Run output will be captured here: /afs/ece.cmu.edu/usr/ppearson/Private/class/18545/F15_18545_BattleZone/code/poc/avg/frame_buffer/frame_buffer.runs/impl_1/runme.log
launch_runs impl_1 -to_step write_bitstream
[Mon Sep 28 16:57:50 2015] Launched impl_1...
Run output will be captured here: /afs/ece.cmu.edu/usr/ppearson/Private/class/18545/F15_18545_BattleZone/code/poc/avg/frame_buffer/frame_buffer.runs/impl_1/runme.log
set_property PROBES.FILE {} [lindex [get_hw_devices] 0]
set_property PROGRAM.FILE {/afs/ece.cmu.edu/usr/ppearson/Private/class/18545/F15_18545_BattleZone/code/poc/avg/frame_buffer/frame_buffer.runs/impl_1/fb_top.bit} [lindex [get_hw_devices] 0]
program_hw_devices [lindex [get_hw_devices] 0]
INFO: [Labtools 27-3164] End of startup status: HIGH
refresh_hw_device [lindex [get_hw_devices] 0]
INFO: [Labtools 27-1434] Device xc7a100t (JTAG device index = 0) is programmed with a design that has no supported debug core(s) in it.
WARNING: [Labtools 27-3123] The debug hub core was not detected at User Scan Chain 1 or 3.
Resolution: 
1. Make sure the clock connected to the debug hub (dbg_hub) core is a free running clock and is active OR
2. Manually launch hw_server with -e "set xsdb-user-bscan <C_USER_SCAN_CHAIN scan_chain_number>" to detect the debug hub at User Scan Chain of 2 or 4. To determine the user scan chain setting, open the implemented design and use: get_property C_USER_SCAN_CHAIN [get_debug_cores dbg_hub].
reset_run synth_1
launch_runs impl_1
[Mon Sep 28 17:00:58 2015] Launched synth_1...
Run output will be captured here: /afs/ece.cmu.edu/usr/ppearson/Private/class/18545/F15_18545_BattleZone/code/poc/avg/frame_buffer/frame_buffer.runs/synth_1/runme.log
[Mon Sep 28 17:00:58 2015] Launched impl_1...
Run output will be captured here: /afs/ece.cmu.edu/usr/ppearson/Private/class/18545/F15_18545_BattleZone/code/poc/avg/frame_buffer/frame_buffer.runs/impl_1/runme.log
launch_runs impl_1 -to_step write_bitstream
[Mon Sep 28 17:04:37 2015] Launched impl_1...
Run output will be captured here: /afs/ece.cmu.edu/usr/ppearson/Private/class/18545/F15_18545_BattleZone/code/poc/avg/frame_buffer/frame_buffer.runs/impl_1/runme.log
set_property PROBES.FILE {} [lindex [get_hw_devices] 0]
set_property PROGRAM.FILE {/afs/ece.cmu.edu/usr/ppearson/Private/class/18545/F15_18545_BattleZone/code/poc/avg/frame_buffer/frame_buffer.runs/impl_1/fb_top.bit} [lindex [get_hw_devices] 0]
program_hw_devices [lindex [get_hw_devices] 0]
INFO: [Labtools 27-3164] End of startup status: HIGH
refresh_hw_device [lindex [get_hw_devices] 0]
INFO: [Labtools 27-1434] Device xc7a100t (JTAG device index = 0) is programmed with a design that has no supported debug core(s) in it.
WARNING: [Labtools 27-3123] The debug hub core was not detected at User Scan Chain 1 or 3.
Resolution: 
1. Make sure the clock connected to the debug hub (dbg_hub) core is a free running clock and is active OR
2. Manually launch hw_server with -e "set xsdb-user-bscan <C_USER_SCAN_CHAIN scan_chain_number>" to detect the debug hub at User Scan Chain of 2 or 4. To determine the user scan chain setting, open the implemented design and use: get_property C_USER_SCAN_CHAIN [get_debug_cores dbg_hub].
reset_run synth_1
launch_runs impl_1
[Mon Sep 28 17:06:03 2015] Launched synth_1...
Run output will be captured here: /afs/ece.cmu.edu/usr/ppearson/Private/class/18545/F15_18545_BattleZone/code/poc/avg/frame_buffer/frame_buffer.runs/synth_1/runme.log
[Mon Sep 28 17:06:03 2015] Launched impl_1...
Run output will be captured here: /afs/ece.cmu.edu/usr/ppearson/Private/class/18545/F15_18545_BattleZone/code/poc/avg/frame_buffer/frame_buffer.runs/impl_1/runme.log
launch_runs impl_1 -to_step write_bitstream
[Mon Sep 28 17:09:43 2015] Launched impl_1...
Run output will be captured here: /afs/ece.cmu.edu/usr/ppearson/Private/class/18545/F15_18545_BattleZone/code/poc/avg/frame_buffer/frame_buffer.runs/impl_1/runme.log
set_property PROBES.FILE {} [lindex [get_hw_devices] 0]
set_property PROGRAM.FILE {/afs/ece.cmu.edu/usr/ppearson/Private/class/18545/F15_18545_BattleZone/code/poc/avg/frame_buffer/frame_buffer.runs/impl_1/fb_top.bit} [lindex [get_hw_devices] 0]
program_hw_devices [lindex [get_hw_devices] 0]
INFO: [Labtools 27-3164] End of startup status: HIGH
refresh_hw_device [lindex [get_hw_devices] 0]
INFO: [Labtools 27-1434] Device xc7a100t (JTAG device index = 0) is programmed with a design that has no supported debug core(s) in it.
WARNING: [Labtools 27-3123] The debug hub core was not detected at User Scan Chain 1 or 3.
Resolution: 
1. Make sure the clock connected to the debug hub (dbg_hub) core is a free running clock and is active OR
2. Manually launch hw_server with -e "set xsdb-user-bscan <C_USER_SCAN_CHAIN scan_chain_number>" to detect the debug hub at User Scan Chain of 2 or 4. To determine the user scan chain setting, open the implemented design and use: get_property C_USER_SCAN_CHAIN [get_debug_cores dbg_hub].
reset_run synth_1
launch_runs impl_1
[Mon Sep 28 17:12:13 2015] Launched synth_1...
Run output will be captured here: /afs/ece.cmu.edu/usr/ppearson/Private/class/18545/F15_18545_BattleZone/code/poc/avg/frame_buffer/frame_buffer.runs/synth_1/runme.log
[Mon Sep 28 17:12:13 2015] Launched impl_1...
Run output will be captured here: /afs/ece.cmu.edu/usr/ppearson/Private/class/18545/F15_18545_BattleZone/code/poc/avg/frame_buffer/frame_buffer.runs/impl_1/runme.log
launch_runs impl_1 -to_step write_bitstream
[Mon Sep 28 17:15:58 2015] Launched impl_1...
Run output will be captured here: /afs/ece.cmu.edu/usr/ppearson/Private/class/18545/F15_18545_BattleZone/code/poc/avg/frame_buffer/frame_buffer.runs/impl_1/runme.log
set_property PROBES.FILE {} [lindex [get_hw_devices] 0]
set_property PROGRAM.FILE {/afs/ece.cmu.edu/usr/ppearson/Private/class/18545/F15_18545_BattleZone/code/poc/avg/frame_buffer/frame_buffer.runs/impl_1/fb_top.bit} [lindex [get_hw_devices] 0]
program_hw_devices [lindex [get_hw_devices] 0]
INFO: [Labtools 27-3164] End of startup status: HIGH
refresh_hw_device [lindex [get_hw_devices] 0]
INFO: [Labtools 27-1434] Device xc7a100t (JTAG device index = 0) is programmed with a design that has no supported debug core(s) in it.
WARNING: [Labtools 27-3123] The debug hub core was not detected at User Scan Chain 1 or 3.
Resolution: 
1. Make sure the clock connected to the debug hub (dbg_hub) core is a free running clock and is active OR
2. Manually launch hw_server with -e "set xsdb-user-bscan <C_USER_SCAN_CHAIN scan_chain_number>" to detect the debug hub at User Scan Chain of 2 or 4. To determine the user scan chain setting, open the implemented design and use: get_property C_USER_SCAN_CHAIN [get_debug_cores dbg_hub].
reset_run synth_1
launch_runs impl_1
[Mon Sep 28 17:17:52 2015] Launched synth_1...
Run output will be captured here: /afs/ece.cmu.edu/usr/ppearson/Private/class/18545/F15_18545_BattleZone/code/poc/avg/frame_buffer/frame_buffer.runs/synth_1/runme.log
[Mon Sep 28 17:17:52 2015] Launched impl_1...
Run output will be captured here: /afs/ece.cmu.edu/usr/ppearson/Private/class/18545/F15_18545_BattleZone/code/poc/avg/frame_buffer/frame_buffer.runs/impl_1/runme.log
launch_runs impl_1 -to_step write_bitstream
[Mon Sep 28 17:21:27 2015] Launched impl_1...
Run output will be captured here: /afs/ece.cmu.edu/usr/ppearson/Private/class/18545/F15_18545_BattleZone/code/poc/avg/frame_buffer/frame_buffer.runs/impl_1/runme.log
set_property PROBES.FILE {} [lindex [get_hw_devices] 0]
set_property PROGRAM.FILE {/afs/ece.cmu.edu/usr/ppearson/Private/class/18545/F15_18545_BattleZone/code/poc/avg/frame_buffer/frame_buffer.runs/impl_1/fb_top.bit} [lindex [get_hw_devices] 0]
program_hw_devices [lindex [get_hw_devices] 0]
INFO: [Labtools 27-3164] End of startup status: HIGH
refresh_hw_device [lindex [get_hw_devices] 0]
INFO: [Labtools 27-1434] Device xc7a100t (JTAG device index = 0) is programmed with a design that has no supported debug core(s) in it.
WARNING: [Labtools 27-3123] The debug hub core was not detected at User Scan Chain 1 or 3.
Resolution: 
1. Make sure the clock connected to the debug hub (dbg_hub) core is a free running clock and is active OR
2. Manually launch hw_server with -e "set xsdb-user-bscan <C_USER_SCAN_CHAIN scan_chain_number>" to detect the debug hub at User Scan Chain of 2 or 4. To determine the user scan chain setting, open the implemented design and use: get_property C_USER_SCAN_CHAIN [get_debug_cores dbg_hub].
reset_run synth_1
launch_runs impl_1
[Mon Sep 28 17:27:18 2015] Launched synth_1...
Run output will be captured here: /afs/ece.cmu.edu/usr/ppearson/Private/class/18545/F15_18545_BattleZone/code/poc/avg/frame_buffer/frame_buffer.runs/synth_1/runme.log
[Mon Sep 28 17:27:18 2015] Launched impl_1...
Run output will be captured here: /afs/ece.cmu.edu/usr/ppearson/Private/class/18545/F15_18545_BattleZone/code/poc/avg/frame_buffer/frame_buffer.runs/impl_1/runme.log
launch_runs impl_1 -to_step write_bitstream
[Mon Sep 28 17:30:58 2015] Launched impl_1...
Run output will be captured here: /afs/ece.cmu.edu/usr/ppearson/Private/class/18545/F15_18545_BattleZone/code/poc/avg/frame_buffer/frame_buffer.runs/impl_1/runme.log
set_property PROBES.FILE {} [lindex [get_hw_devices] 0]
set_property PROGRAM.FILE {/afs/ece.cmu.edu/usr/ppearson/Private/class/18545/F15_18545_BattleZone/code/poc/avg/frame_buffer/frame_buffer.runs/impl_1/fb_top.bit} [lindex [get_hw_devices] 0]
program_hw_devices [lindex [get_hw_devices] 0]
INFO: [Labtools 27-3164] End of startup status: HIGH
refresh_hw_device [lindex [get_hw_devices] 0]
INFO: [Labtools 27-1434] Device xc7a100t (JTAG device index = 0) is programmed with a design that has no supported debug core(s) in it.
WARNING: [Labtools 27-3123] The debug hub core was not detected at User Scan Chain 1 or 3.
Resolution: 
1. Make sure the clock connected to the debug hub (dbg_hub) core is a free running clock and is active OR
2. Manually launch hw_server with -e "set xsdb-user-bscan <C_USER_SCAN_CHAIN scan_chain_number>" to detect the debug hub at User Scan Chain of 2 or 4. To determine the user scan chain setting, open the implemented design and use: get_property C_USER_SCAN_CHAIN [get_debug_cores dbg_hub].
reset_run synth_1
launch_runs impl_1
[Mon Sep 28 17:32:16 2015] Launched synth_1...
Run output will be captured here: /afs/ece.cmu.edu/usr/ppearson/Private/class/18545/F15_18545_BattleZone/code/poc/avg/frame_buffer/frame_buffer.runs/synth_1/runme.log
[Mon Sep 28 17:32:16 2015] Launched impl_1...
Run output will be captured here: /afs/ece.cmu.edu/usr/ppearson/Private/class/18545/F15_18545_BattleZone/code/poc/avg/frame_buffer/frame_buffer.runs/impl_1/runme.log
launch_runs impl_1 -to_step write_bitstream
[Mon Sep 28 17:35:56 2015] Launched impl_1...
Run output will be captured here: /afs/ece.cmu.edu/usr/ppearson/Private/class/18545/F15_18545_BattleZone/code/poc/avg/frame_buffer/frame_buffer.runs/impl_1/runme.log
set_property PROBES.FILE {} [lindex [get_hw_devices] 0]
set_property PROGRAM.FILE {/afs/ece.cmu.edu/usr/ppearson/Private/class/18545/F15_18545_BattleZone/code/poc/avg/frame_buffer/frame_buffer.runs/impl_1/fb_top.bit} [lindex [get_hw_devices] 0]
program_hw_devices [lindex [get_hw_devices] 0]
INFO: [Labtools 27-3164] End of startup status: HIGH
refresh_hw_device [lindex [get_hw_devices] 0]
INFO: [Labtools 27-1434] Device xc7a100t (JTAG device index = 0) is programmed with a design that has no supported debug core(s) in it.
WARNING: [Labtools 27-3123] The debug hub core was not detected at User Scan Chain 1 or 3.
Resolution: 
1. Make sure the clock connected to the debug hub (dbg_hub) core is a free running clock and is active OR
2. Manually launch hw_server with -e "set xsdb-user-bscan <C_USER_SCAN_CHAIN scan_chain_number>" to detect the debug hub at User Scan Chain of 2 or 4. To determine the user scan chain setting, open the implemented design and use: get_property C_USER_SCAN_CHAIN [get_debug_cores dbg_hub].
reset_run synth_1
launch_runs impl_1
[Mon Sep 28 17:41:23 2015] Launched synth_1...
Run output will be captured here: /afs/ece.cmu.edu/usr/ppearson/Private/class/18545/F15_18545_BattleZone/code/poc/avg/frame_buffer/frame_buffer.runs/synth_1/runme.log
[Mon Sep 28 17:41:23 2015] Launched impl_1...
Run output will be captured here: /afs/ece.cmu.edu/usr/ppearson/Private/class/18545/F15_18545_BattleZone/code/poc/avg/frame_buffer/frame_buffer.runs/impl_1/runme.log
launch_runs impl_1 -to_step write_bitstream
[Mon Sep 28 17:45:21 2015] Launched impl_1...
Run output will be captured here: /afs/ece.cmu.edu/usr/ppearson/Private/class/18545/F15_18545_BattleZone/code/poc/avg/frame_buffer/frame_buffer.runs/impl_1/runme.log
set_property PROBES.FILE {} [lindex [get_hw_devices] 0]
set_property PROGRAM.FILE {/afs/ece.cmu.edu/usr/ppearson/Private/class/18545/F15_18545_BattleZone/code/poc/avg/frame_buffer/frame_buffer.runs/impl_1/fb_top.bit} [lindex [get_hw_devices] 0]
program_hw_devices [lindex [get_hw_devices] 0]
INFO: [Labtools 27-3164] End of startup status: HIGH
refresh_hw_device [lindex [get_hw_devices] 0]
INFO: [Labtools 27-1434] Device xc7a100t (JTAG device index = 0) is programmed with a design that has no supported debug core(s) in it.
WARNING: [Labtools 27-3123] The debug hub core was not detected at User Scan Chain 1 or 3.
Resolution: 
1. Make sure the clock connected to the debug hub (dbg_hub) core is a free running clock and is active OR
2. Manually launch hw_server with -e "set xsdb-user-bscan <C_USER_SCAN_CHAIN scan_chain_number>" to detect the debug hub at User Scan Chain of 2 or 4. To determine the user scan chain setting, open the implemented design and use: get_property C_USER_SCAN_CHAIN [get_debug_cores dbg_hub].
****** Webtalk v2015.2 (64-bit)
  **** SW Build 1266856 on Fri Jun 26 16:35:25 MDT 2015
  **** IP Build 1264090 on Wed Jun 24 14:22:01 MDT 2015
    ** Copyright 1986-2015 Xilinx, Inc. All Rights Reserved.

source /afs/ece.cmu.edu/usr/ppearson/Private/class/18545/F15_18545_BattleZone/code/poc/avg/frame_buffer/frame_buffer.hw/webtalk/labtool_webtalk.tcl -notrace
INFO: [Common 17-186] '/afs/ece.cmu.edu/usr/ppearson/Private/class/18545/F15_18545_BattleZone/code/poc/avg/frame_buffer/frame_buffer.hw/webtalk/usage_statistics_ext_labtool.xml' has been successfully sent to Xilinx on Mon Sep 28 17:48:28 2015. For additional details about this file, please refer to the WebTalk help file at /afs/ece.cmu.edu/support/xilinx/xilinx.release/Vivado-2015.2/Vivado/2015.2/doc/webtalk_introduction.html.
INFO: [Common 17-206] Exiting Webtalk at Mon Sep 28 17:48:28 2015...
exit
INFO: [Common 17-206] Exiting Vivado at Mon Sep 28 17:48:30 2015...
