INFO: [VRFC 10-2263] Analyzing Verilog file "/afs/ece.cmu.edu/usr/ashresth/Private/545proj/F15_18545_BattleZone/code/6502/GameCore/GameCore.srcs/sources_1/ipshared/xilinx.com/blk_mem_gen_v8_2/7b054ed9/simulation/blk_mem_gen_v8_2.v" into library blk_mem_gen_v8_2
INFO: [VRFC 10-311] analyzing module STATE_LOGIC_v8_2
INFO: [VRFC 10-311] analyzing module beh_vlog_muxf7_v8_2
INFO: [VRFC 10-311] analyzing module beh_vlog_ff_clr_v8_2
INFO: [VRFC 10-311] analyzing module beh_vlog_ff_pre_v8_2
INFO: [VRFC 10-311] analyzing module beh_vlog_ff_ce_clr_v8_2
INFO: [VRFC 10-311] analyzing module write_netlist_v8_2
INFO: [VRFC 10-311] analyzing module read_netlist_v8_2
INFO: [VRFC 10-311] analyzing module blk_mem_axi_write_wrapper_beh_v8_2
INFO: [VRFC 10-311] analyzing module blk_mem_axi_read_wrapper_beh_v8_2
INFO: [VRFC 10-311] analyzing module blk_mem_axi_regs_fwd_v8_2
INFO: [VRFC 10-311] analyzing module BLK_MEM_GEN_v8_2_output_stage
INFO: [VRFC 10-311] analyzing module BLK_MEM_GEN_v8_2_softecc_output_reg_stage
INFO: [VRFC 10-311] analyzing module BLK_MEM_GEN_v8_2_mem_module
INFO: [VRFC 10-311] analyzing module blk_mem_gen_v8_2
INFO: [VRFC 10-2263] Analyzing Verilog file "/afs/ece.cmu.edu/usr/ashresth/Private/545proj/F15_18545_BattleZone/code/6502/GameCore/GameCore.srcs/sources_1/bd/prog_ROM/ip/prog_ROM_blk_mem_gen_0_0/sim/prog_ROM_blk_mem_gen_0_0.v" into library xil_defaultlib
INFO: [VRFC 10-311] analyzing module prog_ROM_blk_mem_gen_0_0
INFO: [VRFC 10-2263] Analyzing Verilog file "/afs/ece.cmu.edu/usr/ashresth/Private/545proj/F15_18545_BattleZone/code/6502/GameCore/GameCore.srcs/sources_1/bd/prog_ROM/hdl/prog_ROM.v" into library xil_defaultlib
INFO: [VRFC 10-311] analyzing module prog_ROM
INFO: [VRFC 10-2263] Analyzing Verilog file "/afs/ece.cmu.edu/usr/ashresth/Private/545proj/F15_18545_BattleZone/code/6502/GameCore/GameCore.srcs/sources_1/bd/prog_RAM/ip/prog_RAM_blk_mem_gen_0_0/sim/prog_RAM_blk_mem_gen_0_0.v" into library xil_defaultlib
INFO: [VRFC 10-311] analyzing module prog_RAM_blk_mem_gen_0_0
INFO: [VRFC 10-2263] Analyzing Verilog file "/afs/ece.cmu.edu/usr/ashresth/Private/545proj/F15_18545_BattleZone/code/6502/GameCore/GameCore.srcs/sources_1/bd/prog_RAM/hdl/prog_RAM.v" into library xil_defaultlib
INFO: [VRFC 10-311] analyzing module prog_RAM
INFO: [VRFC 10-2263] Analyzing Verilog file "/afs/ece.cmu.edu/usr/ashresth/Private/545proj/F15_18545_BattleZone/code/6502/ALU.v" into library xil_defaultlib
INFO: [VRFC 10-311] analyzing module ALU
INFO: [VRFC 10-2263] Analyzing Verilog file "/afs/ece.cmu.edu/usr/ashresth/Private/545proj/F15_18545_BattleZone/code/6502/GameCore/GameCore.srcs/sources_1/bd/prog_ROM/hdl/prog_ROM_wrapper.v" into library xil_defaultlib
INFO: [VRFC 10-311] analyzing module prog_ROM_wrapper
INFO: [VRFC 10-2263] Analyzing Verilog file "/afs/ece.cmu.edu/usr/ashresth/Private/545proj/F15_18545_BattleZone/code/6502/GameCore/GameCore.srcs/sources_1/bd/prog_RAM/hdl/prog_RAM_wrapper.v" into library xil_defaultlib
INFO: [VRFC 10-311] analyzing module prog_RAM_wrapper
INFO: [VRFC 10-2263] Analyzing SystemVerilog file "/afs/ece.cmu.edu/usr/ashresth/Private/545proj/F15_18545_BattleZone/code/6502/coreInterface.sv" into library xil_defaultlib
INFO: [VRFC 10-311] analyzing module memStoreQueue
INFO: [VRFC 10-311] analyzing module addrDecoder
INFO: [VRFC 10-311] analyzing module NMICounter
INFO: [VRFC 10-2263] Analyzing Verilog file "/afs/ece.cmu.edu/usr/ashresth/Private/545proj/F15_18545_BattleZone/code/6502/cpu.v" into library xil_defaultlib
INFO: [VRFC 10-311] analyzing module cpu
INFO: [VRFC 10-2263] Analyzing SystemVerilog file "/afs/ece.cmu.edu/usr/ashresth/Private/545proj/F15_18545_BattleZone/code/6502/GameCore/GameCore.srcs/sources_1/new/top.sv" into library xil_defaultlib
INFO: [VRFC 10-311] analyzing module top
INFO: [VRFC 10-2263] Analyzing Verilog file "/afs/ece.cmu.edu/usr/ashresth/Private/545proj/F15_18545_BattleZone/code/6502/GameCore/GameCore.sim/sim_1/behav/glbl.v" into library xil_defaultlib
INFO: [VRFC 10-311] analyzing module glbl
